<?xml version="1.0" encoding="UTF-8"?>
<!-- Generated by org.testng.reporters.JUnitXMLReporter -->
<testsuite hostname="Nikita" name="Test" tests="2" failures="2" timestamp="17 Jun 2014 17:55:11 GMT" time="25.568" errors="0">
  <testcase name="asearchBar" time="8.995" classname="testNG.firstSearch">
    <failure type="org.openqa.selenium.NoSuchWindowException" message="Window not found. The browser window may have been closed.
Command duration or timeout: 51 milliseconds
Build info: version: &amp;apos;2.41.0&amp;apos;, revision: &amp;apos;3192d8a&amp;apos;, time: &amp;apos;2014-03-27 17:18:15&amp;apos;
System info: host: &amp;apos;Nikita&amp;apos;, ip: &amp;apos;192.168.1.4&amp;apos;, os.name: &amp;apos;Windows 8&amp;apos;, os.arch: &amp;apos;amd64&amp;apos;, os.version: &amp;apos;6.2&amp;apos;, java.version: &amp;apos;1.7.0_25&amp;apos;
Session ID: 0aafb065-36d0-4a0a-a811-53accbc3f241
Driver info: org.openqa.selenium.firefox.FirefoxDriver
Capabilities [{platform=XP, acceptSslCerts=true, javascriptEnabled=true, cssSelectorsEnabled=true, databaseEnabled=true, browserName=firefox, handlesAlerts=true, browserConnectionEnabled=true, webStorageEnabled=true, nativeEvents=false, rotatable=false, locationContextEnabled=true, applicationCacheEnabled=true, takesScreenshot=true, version=29.0.1}]">
      <![CDATA[org.openqa.selenium.NoSuchWindowException: Window not found. The browser window may have been closed.
Command duration or timeout: 51 milliseconds
Build info: version: '2.41.0', revision: '3192d8a', time: '2014-03-27 17:18:15'
System info: host: 'Nikita', ip: '192.168.1.4', os.name: 'Windows 8', os.arch: 'amd64', os.version: '6.2', java.version: '1.7.0_25'
Session ID: 0aafb065-36d0-4a0a-a811-53accbc3f241
Driver info: org.openqa.selenium.firefox.FirefoxDriver
Capabilities [{platform=XP, acceptSslCerts=true, javascriptEnabled=true, cssSelectorsEnabled=true, databaseEnabled=true, browserName=firefox, handlesAlerts=true, browserConnectionEnabled=true, webStorageEnabled=true, nativeEvents=false, rotatable=false, locationContextEnabled=true, applicationCacheEnabled=true, takesScreenshot=true, version=29.0.1}]
	at org.openqa.selenium.remote.ErrorHandler.createThrowable(ErrorHandler.java:193)
	at org.openqa.selenium.remote.ErrorHandler.throwIfResponseFailed(ErrorHandler.java:145)
	at org.openqa.selenium.remote.RemoteWebDriver.execute(RemoteWebDriver.java:595)
	at org.openqa.selenium.firefox.FirefoxDriver.access$0(FirefoxDriver.java:1)
	at org.openqa.selenium.firefox.FirefoxDriver$1$1.implicitlyWait(FirefoxDriver.java:219)
	at genericLib.impWait.implicitWait(impWait.java:9)
	at testNG.firstSearch.asearchBar(firstSearch.java:51)
	at java.util.concurrent.ThreadPoolExecutor.runWorker(ThreadPoolExecutor.java:1145)
	at java.util.concurrent.ThreadPoolExecutor$Worker.run(ThreadPoolExecutor.java:615)
	at java.lang.Thread.run(Thread.java:724)
Caused by: org.openqa.selenium.remote.ErrorHandler$UnknownServerException: Window not found. The browser window may have been closed.
Build info: version: '2.41.0', revision: '3192d8a', time: '2014-03-27 17:18:15'
System info: host: 'Nikita', ip: '192.168.1.4', os.name: 'Windows 8', os.arch: 'amd64', os.version: '6.2', java.version: '1.7.0_25'
Driver info: driver.version: unknown
	at <anonymous class>.nsCommandProcessor.prototype.execute(file:///C:/Users/Chonam/AppData/Local/Temp/anonymous9010414271184790772webdriver-profile/extensions/fxdriver@googlecode.com/components/command_processor.js:10954)
	at <anonymous class>.Dispatcher.executeAs/<(file:///C:/Users/Chonam/AppData/Local/Temp/anonymous9010414271184790772webdriver-profile/extensions/fxdriver@googlecode.com/components/driver_component.js:7717)
	at <anonymous class>.Resource.prototype.handle(file:///C:/Users/Chonam/AppData/Local/Temp/anonymous9010414271184790772webdriver-profile/extensions/fxdriver@googlecode.com/components/driver_component.js:7864)
	at <anonymous class>.Dispatcher.prototype.dispatch(file:///C:/Users/Chonam/AppData/Local/Temp/anonymous9010414271184790772webdriver-profile/extensions/fxdriver@googlecode.com/components/driver_component.js:7811)
	at <anonymous class>.WebDriverServer/<.handle(file:///C:/Users/Chonam/AppData/Local/Temp/anonymous9010414271184790772webdriver-profile/extensions/fxdriver@googlecode.com/components/driver_component.js:10740)
	at <anonymous class>.createHandlerFunc/<(file:///C:/Users/Chonam/AppData/Local/Temp/anonymous9010414271184790772webdriver-profile/extensions/fxdriver@googlecode.com/components/httpd.js:1935)
	at <anonymous class>.ServerHandler.prototype.handleResponse(file:///C:/Users/Chonam/AppData/Local/Temp/anonymous9010414271184790772webdriver-profile/extensions/fxdriver@googlecode.com/components/httpd.js:2261)
	at <anonymous class>.Connection.prototype.process(file:///C:/Users/Chonam/AppData/Local/Temp/anonymous9010414271184790772webdriver-profile/extensions/fxdriver@googlecode.com/components/httpd.js:1168)
	at <anonymous class>.RequestReader.prototype._handleResponse(file:///C:/Users/Chonam/AppData/Local/Temp/anonymous9010414271184790772webdriver-profile/extensions/fxdriver@googlecode.com/components/httpd.js:1616)
	at <anonymous class>.RequestReader.prototype._processBody(file:///C:/Users/Chonam/AppData/Local/Temp/anonymous9010414271184790772webdriver-profile/extensions/fxdriver@googlecode.com/components/httpd.js:1464)
	at <anonymous class>.RequestReader.prototype.onInputStreamReady(file:///C:/Users/Chonam/AppData/Local/Temp/anonymous9010414271184790772webdriver-profile/extensions/fxdriver@googlecode.com/components/httpd.js:1333)
... Removed 14 stack frames]]>
    </failure>
  </testcase> <!-- asearchBar -->
  <testcase name="cKitchenItems" time="12.008" classname="testNG.firstSearch">
    <failure type="org.openqa.selenium.remote.UnreachableBrowserException" message="Error communicating with the remote browser. It may have died.
Build info: version: &amp;apos;2.41.0&amp;apos;, revision: &amp;apos;3192d8a&amp;apos;, time: &amp;apos;2014-03-27 17:18:15&amp;apos;
System info: host: &amp;apos;Nikita&amp;apos;, ip: &amp;apos;192.168.1.4&amp;apos;, os.name: &amp;apos;Windows 8&amp;apos;, os.arch: &amp;apos;amd64&amp;apos;, os.version: &amp;apos;6.2&amp;apos;, java.version: &amp;apos;1.7.0_25&amp;apos;
Driver info: driver.version: RemoteWebDriver">
      <![CDATA[org.openqa.selenium.remote.UnreachableBrowserException: Error communicating with the remote browser. It may have died.
Build info: version: '2.41.0', revision: '3192d8a', time: '2014-03-27 17:18:15'
System info: host: 'Nikita', ip: '192.168.1.4', os.name: 'Windows 8', os.arch: 'amd64', os.version: '6.2', java.version: '1.7.0_25'
Driver info: driver.version: RemoteWebDriver
	at org.openqa.selenium.remote.RemoteWebDriver.execute(RemoteWebDriver.java:589)
	at org.openqa.selenium.remote.RemoteWebElement.execute(RemoteWebElement.java:268)
	at org.openqa.selenium.remote.RemoteWebElement.click(RemoteWebElement.java:79)
	at org.openqa.selenium.support.pagefactory.internal.LocatingElementHandler.invoke(LocatingElementHandler.java:41)
	at com.sun.proxy.$Proxy8.click(Unknown Source)
	at testNG.firstSearch.cKitchenItems(firstSearch.java:61)
	at java.util.concurrent.ThreadPoolExecutor.runWorker(ThreadPoolExecutor.java:1145)
	at java.util.concurrent.ThreadPoolExecutor$Worker.run(ThreadPoolExecutor.java:615)
	at java.lang.Thread.run(Thread.java:724)
Caused by: java.net.ConnectException: Connection refused: connect
	at java.net.DualStackPlainSocketImpl.waitForConnect(Native Method)
	at java.net.DualStackPlainSocketImpl.socketConnect(DualStackPlainSocketImpl.java:85)
	at java.net.AbstractPlainSocketImpl.doConnect(AbstractPlainSocketImpl.java:339)
	at java.net.AbstractPlainSocketImpl.connectToAddress(AbstractPlainSocketImpl.java:200)
	at java.net.AbstractPlainSocketImpl.connect(AbstractPlainSocketImpl.java:182)
	at java.net.PlainSocketImpl.connect(PlainSocketImpl.java:172)
	at java.net.SocksSocketImpl.connect(SocksSocketImpl.java:392)
	at java.net.Socket.connect(Socket.java:579)
	at org.apache.http.conn.scheme.PlainSocketFactory.connectSocket(PlainSocketFactory.java:117)
	at org.apache.http.impl.conn.DefaultClientConnectionOperator.openConnection(DefaultClientConnectionOperator.java:178)
	at org.apache.http.impl.conn.AbstractPoolEntry.open(AbstractPoolEntry.java:144)
	at org.apache.http.impl.conn.AbstractPooledConnAdapter.open(AbstractPooledConnAdapter.java:131)
	at org.apache.http.impl.client.DefaultRequestDirector.tryConnect(DefaultRequestDirector.java:610)
	at org.apache.http.impl.client.DefaultRequestDirector.execute(DefaultRequestDirector.java:445)
	at org.apache.http.impl.client.AbstractHttpClient.doExecute(AbstractHttpClient.java:863)
	at org.apache.http.impl.client.CloseableHttpClient.execute(CloseableHttpClient.java:72)
	at org.apache.http.impl.client.CloseableHttpClient.execute(CloseableHttpClient.java:57)
	at org.openqa.selenium.remote.HttpCommandExecutor.fallBackExecute(HttpCommandExecutor.java:340)
	at org.openqa.selenium.remote.HttpCommandExecutor.execute(HttpCommandExecutor.java:301)
	at org.openqa.selenium.firefox.internal.NewProfileExtensionConnection.execute(NewProfileExtensionConnection.java:165)
	at org.openqa.selenium.firefox.FirefoxDriver$LazyCommandExecutor.execute(FirefoxDriver.java:362)
	at org.openqa.selenium.remote.RemoteWebDriver.execute(RemoteWebDriver.java:568)
	... 22 more
... Removed 14 stack frames]]>
    </failure>
  </testcase> <!-- cKitchenItems -->
</testsuite> <!-- Test -->
